<?xml version="1.0" encoding="UTF-8"?>
<!-- Generated by org.testng.reporters.JUnitReportReporter -->
<testsuite hostname="DESKTOP-9EDDD90" failures="0" tests="3" name="ParallelTesting.TestGuru99MutlipleSession" time="99.303" errors="0" timestamp="2024-03-07T12:10:04 IST" skipped="0">
  <testcase classname="ParallelTesting.TestGuru99MutlipleSession" name="executSessionOne" time="71.754"/>
  <testcase classname="ParallelTesting.TestGuru99MutlipleSession" name="executeSessionTwo" time="18.050"/>
  <testcase classname="ParallelTesting.TestGuru99MutlipleSession" name="executSessionThree" time="9.499"/>
</testsuite> <!-- ParallelTesting.TestGuru99MutlipleSession -->
